<?xml version="1.0" encoding="UTF-8"?>
<robot generator="Robot 7.1 (Python 3.12.4 on win32)" generated="2024-10-02T09:16:54.443354" rpa="false" schemaversion="5">
<suite id="s1" name="Unit Test" source="D:\SPDX\PRACTICE-automate-testing\unit_test.robot">
<kw name="Create Session" owner="RequestsLibrary" type="SETUP">
<msg time="2024-10-02T09:16:54.726919" level="INFO">Creating Session using : alias=my_api, url=http://127.0.0.1:5000, headers={},                     cookies={}, auth=None, timeout=None, proxies=None, verify=False,                     debug=0 </msg>
<arg>my_api</arg>
<arg>http://127.0.0.1:5000</arg>
<doc>Create Session: create a HTTP session to a server</doc>
<status status="PASS" start="2024-10-02T09:16:54.725894" elapsed="0.001025"/>
</kw>
<test id="s1-t1" name="Test when x is 1" line="11">
<kw name="GET">
<kw name="GET On Session" owner="RequestsLibrary">
<msg time="2024-10-02T09:16:54.731409" level="INFO">GET Request : url=http://127.0.0.1:5000/next5/1 
 path_url=/next5/1 
 headers={'User-Agent': 'python-requests/2.32.3', 'Accept-Encoding': 'gzip, deflate', 'Accept': '*/*', 'Connection': 'keep-alive'} 
 body=None 
 </msg>
<msg time="2024-10-02T09:16:54.731409" level="INFO">GET Response : url=http://127.0.0.1:5000/next5/1 
 status=200, reason=OK 
 headers={'Server': 'Werkzeug/3.0.4 Python/3.12.4', 'Date': 'Wed, 02 Oct 2024 02:16:54 GMT', 'Content-Type': 'application/json', 'Content-Length': '4', 'Connection': 'close'} 
 body=6.0
 
 </msg>
<msg time="2024-10-02T09:16:54.731409" level="INFO">${response} = &lt;Response [200]&gt;</msg>
<var>${response}</var>
<arg>my_api</arg>
<arg>${endpoint}</arg>
<arg>expected_status=anything</arg>
<doc>Sends a GET request on a previously created HTTP Session.</doc>
<status status="PASS" start="2024-10-02T09:16:54.727961" elapsed="0.003448"/>
</kw>
<return>
<value>${response}</value>
<status status="PASS" start="2024-10-02T09:16:54.731409" elapsed="0.000000"/>
</return>
<msg time="2024-10-02T09:16:54.731409" level="INFO">${response} = &lt;Response [200]&gt;</msg>
<var>${response}</var>
<arg>${NEXT5_ENDPOINT}/1</arg>
<status status="PASS" start="2024-10-02T09:16:54.726919" elapsed="0.004490"/>
</kw>
<kw name="Status Should Be" owner="RequestsLibrary">
<arg>200</arg>
<doc>Fails if response status code is different than the expected.</doc>
<status status="PASS" start="2024-10-02T09:16:54.731409" elapsed="0.001002"/>
</kw>
<kw name="Should Be Equal As Numbers" owner="BuiltIn">
<msg time="2024-10-02T09:16:54.732411" level="INFO">Argument types are:
&lt;class 'float'&gt;
&lt;class 'str'&gt;</msg>
<arg>${response.json()}</arg>
<arg>6</arg>
<doc>Fails if objects are unequal after converting them to real numbers.</doc>
<status status="PASS" start="2024-10-02T09:16:54.732411" elapsed="0.000000"/>
</kw>
<kw name="Log" owner="BuiltIn">
<msg time="2024-10-02T09:16:54.733411" level="INFO">
Result: 6.0</msg>
<arg>${\n}Result: ${response.json()}</arg>
<arg>console=True</arg>
<doc>Logs the given message with the given level.</doc>
<status status="PASS" start="2024-10-02T09:16:54.732411" elapsed="0.001000"/>
</kw>
<status status="PASS" start="2024-10-02T09:16:54.726919" elapsed="0.006492"/>
</test>
<test id="s1-t2" name="Test when x is -10" line="17">
<kw name="GET">
<kw name="GET On Session" owner="RequestsLibrary">
<msg time="2024-10-02T09:16:54.737409" level="INFO">GET Request : url=http://127.0.0.1:5000/next5/-10 
 path_url=/next5/-10 
 headers={'User-Agent': 'python-requests/2.32.3', 'Accept-Encoding': 'gzip, deflate', 'Accept': '*/*', 'Connection': 'keep-alive'} 
 body=None 
 </msg>
<msg time="2024-10-02T09:16:54.737409" level="INFO">GET Response : url=http://127.0.0.1:5000/next5/-10 
 status=200, reason=OK 
 headers={'Server': 'Werkzeug/3.0.4 Python/3.12.4', 'Date': 'Wed, 02 Oct 2024 02:16:54 GMT', 'Content-Type': 'application/json', 'Content-Length': '5', 'Connection': 'close'} 
 body=-5.0
 
 </msg>
<msg time="2024-10-02T09:16:54.737409" level="INFO">${response} = &lt;Response [200]&gt;</msg>
<var>${response}</var>
<arg>my_api</arg>
<arg>${endpoint}</arg>
<arg>expected_status=anything</arg>
<doc>Sends a GET request on a previously created HTTP Session.</doc>
<status status="PASS" start="2024-10-02T09:16:54.734410" elapsed="0.002999"/>
</kw>
<return>
<value>${response}</value>
<status status="PASS" start="2024-10-02T09:16:54.737409" elapsed="0.000000"/>
</return>
<msg time="2024-10-02T09:16:54.737409" level="INFO">${response} = &lt;Response [200]&gt;</msg>
<var>${response}</var>
<arg>${NEXT5_ENDPOINT}/-10</arg>
<status status="PASS" start="2024-10-02T09:16:54.734410" elapsed="0.003999"/>
</kw>
<kw name="Status Should Be" owner="RequestsLibrary">
<arg>200</arg>
<doc>Fails if response status code is different than the expected.</doc>
<status status="PASS" start="2024-10-02T09:16:54.738409" elapsed="0.000000"/>
</kw>
<kw name="Should Be Equal As Numbers" owner="BuiltIn">
<msg time="2024-10-02T09:16:54.738409" level="INFO">Argument types are:
&lt;class 'float'&gt;
&lt;class 'str'&gt;</msg>
<arg>${response.json()}</arg>
<arg>-5</arg>
<doc>Fails if objects are unequal after converting them to real numbers.</doc>
<status status="PASS" start="2024-10-02T09:16:54.738409" elapsed="0.000000"/>
</kw>
<kw name="Log" owner="BuiltIn">
<msg time="2024-10-02T09:16:54.739474" level="INFO">
Result: -5.0</msg>
<arg>${\n}Result: ${response.json()}</arg>
<arg>console=True</arg>
<doc>Logs the given message with the given level.</doc>
<status status="PASS" start="2024-10-02T09:16:54.739474" elapsed="0.000940"/>
</kw>
<status status="PASS" start="2024-10-02T09:16:54.733411" elapsed="0.007003"/>
</test>
<test id="s1-t3" name="Test when x is 1.5" line="23">
<kw name="GET">
<kw name="GET On Session" owner="RequestsLibrary">
<msg time="2024-10-02T09:16:54.746933" level="INFO">GET Request : url=http://127.0.0.1:5000/next5/1.5 
 path_url=/next5/1.5 
 headers={'User-Agent': 'python-requests/2.32.3', 'Accept-Encoding': 'gzip, deflate', 'Accept': '*/*', 'Connection': 'keep-alive'} 
 body=None 
 </msg>
<msg time="2024-10-02T09:16:54.746933" level="INFO">GET Response : url=http://127.0.0.1:5000/next5/1.5 
 status=200, reason=OK 
 headers={'Server': 'Werkzeug/3.0.4 Python/3.12.4', 'Date': 'Wed, 02 Oct 2024 02:16:54 GMT', 'Content-Type': 'application/json', 'Content-Length': '4', 'Connection': 'close'} 
 body=6.5
 
 </msg>
<msg time="2024-10-02T09:16:54.746933" level="INFO">${response} = &lt;Response [200]&gt;</msg>
<var>${response}</var>
<arg>my_api</arg>
<arg>${endpoint}</arg>
<arg>expected_status=anything</arg>
<doc>Sends a GET request on a previously created HTTP Session.</doc>
<status status="PASS" start="2024-10-02T09:16:54.741410" elapsed="0.005523"/>
</kw>
<return>
<value>${response}</value>
<status status="PASS" start="2024-10-02T09:16:54.746933" elapsed="0.000000"/>
</return>
<msg time="2024-10-02T09:16:54.746933" level="INFO">${response} = &lt;Response [200]&gt;</msg>
<var>${response}</var>
<arg>${NEXT5_ENDPOINT}/1.5</arg>
<status status="PASS" start="2024-10-02T09:16:54.741410" elapsed="0.005523"/>
</kw>
<kw name="Status Should Be" owner="RequestsLibrary">
<arg>200</arg>
<doc>Fails if response status code is different than the expected.</doc>
<status status="PASS" start="2024-10-02T09:16:54.747924" elapsed="0.000000"/>
</kw>
<kw name="Should Be Equal As Numbers" owner="BuiltIn">
<msg time="2024-10-02T09:16:54.748927" level="INFO">Argument types are:
&lt;class 'float'&gt;
&lt;class 'str'&gt;</msg>
<arg>${response.json()}</arg>
<arg>6.5</arg>
<doc>Fails if objects are unequal after converting them to real numbers.</doc>
<status status="PASS" start="2024-10-02T09:16:54.748927" elapsed="0.000000"/>
</kw>
<kw name="Log" owner="BuiltIn">
<msg time="2024-10-02T09:16:54.749926" level="INFO">
Result: 6.5</msg>
<arg>${\n}Result: ${response.json()}</arg>
<arg>console=True</arg>
<doc>Logs the given message with the given level.</doc>
<status status="PASS" start="2024-10-02T09:16:54.749926" elapsed="0.000999"/>
</kw>
<status status="PASS" start="2024-10-02T09:16:54.740414" elapsed="0.010511"/>
</test>
<kw name="Delete All Sessions" owner="RequestsLibrary" type="TEARDOWN">
<msg time="2024-10-02T09:16:54.751924" level="INFO">Deleting All Sessions</msg>
<doc>Removes all the session objects</doc>
<status status="PASS" start="2024-10-02T09:16:54.751924" elapsed="0.000000"/>
</kw>
<status status="PASS" start="2024-10-02T09:16:54.444865" elapsed="0.307059"/>
</suite>
<statistics>
<total>
<stat pass="3" fail="0" skip="0">All Tests</stat>
</total>
<tag>
</tag>
<suite>
<stat pass="3" fail="0" skip="0" id="s1" name="Unit Test">Unit Test</stat>
</suite>
</statistics>
<errors>
</errors>
</robot>
